{"numTotalTestSuites":2,"numPassedTestSuites":2,"numFailedTestSuites":0,"numPendingTestSuites":0,"numTotalTests":3,"numPassedTests":3,"numFailedTests":0,"numPendingTests":0,"numTodoTests":0,"snapshot":{"added":0,"failure":false,"filesAdded":0,"filesRemoved":0,"filesRemovedList":[],"filesUnmatched":0,"filesUpdated":0,"matched":0,"total":0,"unchecked":0,"uncheckedKeysByFile":[],"unmatched":0,"updated":0,"didUpdate":false},"startTime":1774976740648,"success":true,"testResults":[{"assertionResults":[{"ancestorTitles":["Damadian_mri_navigation"],"fullName":"Damadian_mri_navigation render_should_show_dashboard_by_default","status":"passed","title":"render_should_show_dashboard_by_default","duration":453.39295200000015,"failureMessages":[],"meta":{}},{"ancestorTitles":["Damadian_mri_navigation"],"fullName":"Damadian_mri_navigation analytics_button_click_should_switch_to_analytics_view","status":"passed","title":"analytics_button_click_should_switch_to_analytics_view","duration":196.61733000000004,"failureMessages":[],"meta":{}},{"ancestorTitles":["Damadian_mri_navigation"],"fullName":"Damadian_mri_navigation scan_viewer_button_click_should_render_niivue_container","status":"passed","title":"scan_viewer_button_click_should_render_niivue_container","duration":176.7316180000007,"failureMessages":[],"meta":{}}],"startTime":1774976745396,"endTime":1774976746223.7317,"status":"passed","message":"","name":"/home/huyenpk/Projects/FastSurfer/app/gui/simple-viewer/testing/vitest/App.test.ts"}]}