{"numTotalTestSuites":4,"numPassedTestSuites":2,"numFailedTestSuites":2,"numPendingTestSuites":0,"numTotalTests":5,"numPassedTests":3,"numFailedTests":2,"numPendingTests":0,"numTodoTests":0,"snapshot":{"added":0,"failure":false,"filesAdded":0,"filesRemoved":0,"filesRemovedList":[],"filesUnmatched":0,"filesUpdated":0,"matched":0,"total":0,"unchecked":0,"uncheckedKeysByFile":[],"unmatched":0,"updated":0,"didUpdate":false},"startTime":1773236500817,"success":false,"testResults":[{"assertionResults":[{"ancestorTitles":["app_close_behavior"],"fullName":"app_close_behavior close_request_without_running_tasks_should_shutdown_and_close","status":"failed","title":"close_request_without_running_tasks_should_shutdown_and_close","duration":1114.918506,"failureMessages":["AssertionError: expected \"spy\" to be called 1 times, but got 0 times\n\nIgnored nodes: comments, script, style\n\u001b[36m<html>\u001b[39m\n  \u001b[36m<head />\u001b[39m\n  \u001b[36m<body>\u001b[39m\n    \u001b[36m<div>\u001b[39m\n      \u001b[36m<main\u001b[39m\n        \u001b[33mclass\u001b[39m=\u001b[32m\"svelte-1wr5yz2\"\u001b[39m\n      \u001b[36m>\u001b[39m\n        \u001b[36m<aside\u001b[39m\n          \u001b[33maria-label\u001b[39m=\u001b[32m\"Task queue\"\u001b[39m\n          \u001b[33mclass\u001b[39m=\u001b[32m\"dock-menu svelte-ucawxf\"\u001b[39m\n        \u001b[36m>\u001b[39m\n          \u001b[36m<button\u001b[39m\n            \u001b[33mclass\u001b[39m=\u001b[32m\"sidebar-toggle svelte-ucawxf\"\u001b[39m\n            \u001b[33mtype\u001b[39m=\u001b[32m\"button\"\u001b[39m\n          \u001b[36m>\u001b[39m\n            \u001b[0mHide Tasks\u001b[0m\n          \u001b[36m</button>\u001b[39m\n          \u001b[0m \u001b[0m\n          \u001b[36m<h2\u001b[39m\n            \u001b[33mclass\u001b[39m=\u001b[32m\"svelte-ucawxf\"\u001b[39m\n          \u001b[36m>\u001b[39m\n            \u001b[0mTasks\u001b[0m\n          \u001b[36m</h2>\u001b[39m\n          \u001b[0m \u001b[0m\n          \u001b[36m<ul\u001b[39m\n            \u001b[33mclass\u001b[39m=\u001b[32m\"svelte-ucawxf\"\u001b[39m\n          \u001b[36m>\u001b[39m\n            \u001b[0m \u001b[0m\n            \u001b[36m<li\u001b[39m\n              \u001b[33mclass\u001b[39m=\u001b[32m\"task task--empty svelte-ucawxf\"\u001b[39m\n            \u001b[36m>\u001b[39m\n              \u001b[0mNo queued task\u001b[0m\n            \u001b[36m</li>\u001b[39m\n            \u001b[0m \u001b[0m\n            \u001b[0m \u001b[0m\n            \u001b[0m \u001b[0m\n          \u001b[36m</ul>\u001b[39m\n        \u001b[36m</aside>\u001b[39m\n        \u001b[0m \u001b[0m\n        \u001b[36m<section\u001b[39m\n          \u001b[33maria-busy\u001b[39m=\u001b[32m\"false\"\u001b[39m\n          \u001b[33mclass\u001b[39m=\u001b[32m\"main-panel svelte-1wr5yz2\"\u001b[39m\n        \u001b[36m>\u001b[39m\n          \u001b[36m<h1>\u001b[39m\n            \u001b[0mFastSurfer Processing\u001b[0m\n          \u001b[36m</h1>\u001b[39m\n          \u001b[0m \u001b[0m\n          \u001b[36m<input\u001b[39m\n            \u001b[33maccept\u001b[39m=\u001b[32m\".nii,.nii.gz,.mgz,.mgh\"\u001b[39m\n            \u001b[33mdata-testid\u001b[39m=\u001b[32m\"file-picker-input\"\u001b[39m\n            \u001b[33mmultiple\u001b[39m=\u001b[32m\"\"\u001b[39m\n            \u001b[33mstyle\u001b[39m=\u001b[32m\"display: none\"\u001b[39m\n            \u001b[33mtype\u001b[39m=\u001b[32m\"file\"\u001b[39m\n          \u001b[36m/>\u001b[39m\n          \u001b[0m \u001b[0m\n          \u001b[36m<input\u001b[39m\n            \u001b[33mdata-testid\u001b[39m=\u001b[32m\"folder-picker-input\"\u001b[39m\n            \u001b[33mmultiple\u001b[39m=\u001b[32m\"\"\u001b[39m\n            \u001b[33mstyle\u001b[39m=\u001b[32m\"display: none\"\u001b[39m\n            \u001b[33mtype\u001b[39m=\u001b[32m\"file\"\u001b[39m\n            \u001b[33mwebkitdirectory\u001b[39m=\u001b[32m\"\"\u001b[39m\n          \u001b[36m/>\u001b[39m\n          \u001b[0m \u001b[0m\n          \u001b[36m<div\u001b[39m\n            \u001b[33mclass\u001b[39m=\u001b[32m\"controls svelte-1wvr9wi\"\u001b[39m\n          \u001b[36m>\u001b[39m\n            \u001b[36m<button>\u001b[39m\n              \u001b[0mPick Files\u001b[0m\n            \u001b[36m</button>\u001b[39m\n            \u001b[0m \u001b[0m\n            \u001b[36m<button>\u001b[39m\n              \u001b[0mPick Folders\u001b[0m\n            \u001b[36m</button>\u001b[39m\n          \u001b[36m</div>\u001b[39m\n          \u001b[0m \u001b[0m\n          \u001b[0m \u001b[0m\n          \u001b[0m \u001b[0m\n          \u001b[0m \u001b[0m\n          \u001b[0m \u001b[0m\n          \u001b[0m \u001b[0m\n        \u001b[36m</section>\u001b[39m\n        \u001b[0m \u001b[0m\n        \u001b[36m<div\u001b[39m\n          \u001b[33maria-label\u001b[39m=\u001b[32m\"Processing in progress\"\u001b[39m\n          \u001b[33maria-live\u001b[39m=\u001b[32m\"polite\"\u001b[39m\n          \u001b[33mclass\u001b[39m=\u001b[32m\"loading-overlay svelte-1wr5yz2\"\u001b[39m\n          \u001b[33mrole\u001b[39m=\u001b[32m\"status\"\u001b[39m\n        \u001b[36m>\u001b[39m\n          \u001b[36m<div\u001b[39m\n            \u001b[33mclass\u001b[39m=\u001b[32m\"loading-card svelte-1wr5yz2\"\u001b[39m\n          \u001b[36m>\u001b[39m\n            \u001b[0m \u001b[0m\n            \u001b[36m<h3>\u001b[39m\n              \u001b[0mClosing FastSurfer\u001b[0m\n            \u001b[36m</h3>\u001b[39m\n            \u001b[0m \u001b[0m\n            \u001b[36m<p>\u001b[39m\n              \u001b[0mStopping running processes and exiting...\u001b[0m\n            \u001b[36m</p>\u001b[39m\n          \u001b[36m</div>\u001b[39m\n        \u001b[36m</div>\u001b[39m\n      \u001b[36m</main>\u001b[39m\n      \u001b[0m\u001b[0m\n    \u001b[36m</div>\u001b[39m\n  \u001b[36m</body>\u001b[39m\n\u001b[36m</html>\u001b[39m\n    at /home/huyenpk/Projects/FastSurfer/app/gui/simple-viewer/testing/vitest/App.test.ts:82:60\n    at runWithExpensiveErrorDiagnosticsDisabled (/home/huyenpk/Projects/FastSurfer/app/gui/simple-viewer/node_modules/@testing-library/dom/dist/config.js:47:12)\n    at checkCallback (/home/huyenpk/Projects/FastSurfer/app/gui/simple-viewer/node_modules/@testing-library/dom/dist/wait-for.js:124:77)\n    at Timeout.checkRealTimersCallback (/home/huyenpk/Projects/FastSurfer/app/gui/simple-viewer/node_modules/@testing-library/dom/dist/wait-for.js:118:16)\n    at listOnTimeout (node:internal/timers:605:17)\n    at processTimers (node:internal/timers:541:7)"],"meta":{}},{"ancestorTitles":["app_close_behavior"],"fullName":"app_close_behavior close_request_with_running_task_should_shutdown_and_close","status":"failed","title":"close_request_with_running_task_should_shutdown_and_close","duration":1206.0163080000002,"failureMessages":["AssertionError: expected \"spy\" to be called 1 times, but got 0 times\n\nIgnored nodes: comments, script, style\n\u001b[36m<html>\u001b[39m\n  \u001b[36m<head />\u001b[39m\n  \u001b[36m<body>\u001b[39m\n    \u001b[36m<div>\u001b[39m\n      \u001b[36m<main\u001b[39m\n        \u001b[33mclass\u001b[39m=\u001b[32m\"svelte-1wr5yz2\"\u001b[39m\n      \u001b[36m>\u001b[39m\n        \u001b[36m<aside\u001b[39m\n          \u001b[33maria-label\u001b[39m=\u001b[32m\"Task queue\"\u001b[39m\n          \u001b[33mclass\u001b[39m=\u001b[32m\"dock-menu svelte-ucawxf\"\u001b[39m\n        \u001b[36m>\u001b[39m\n          \u001b[36m<button\u001b[39m\n            \u001b[33mclass\u001b[39m=\u001b[32m\"sidebar-toggle svelte-ucawxf\"\u001b[39m\n            \u001b[33mtype\u001b[39m=\u001b[32m\"button\"\u001b[39m\n          \u001b[36m>\u001b[39m\n            \u001b[0mHide Tasks\u001b[0m\n          \u001b[36m</button>\u001b[39m\n          \u001b[0m \u001b[0m\n          \u001b[36m<h2\u001b[39m\n            \u001b[33mclass\u001b[39m=\u001b[32m\"svelte-ucawxf\"\u001b[39m\n          \u001b[36m>\u001b[39m\n            \u001b[0mTasks\u001b[0m\n          \u001b[36m</h2>\u001b[39m\n          \u001b[0m \u001b[0m\n          \u001b[36m<ul\u001b[39m\n            \u001b[33mclass\u001b[39m=\u001b[32m\"svelte-ucawxf\"\u001b[39m\n          \u001b[36m>\u001b[39m\n            \u001b[36m<li\u001b[39m\n              \u001b[33mclass\u001b[39m=\u001b[32m\"task task--processing svelte-m6teu0\"\u001b[39m\n            \u001b[36m>\u001b[39m\n              \u001b[36m<div\u001b[39m\n                \u001b[33mclass\u001b[39m=\u001b[32m\"task-title svelte-m6teu0\"\u001b[39m\n              \u001b[36m>\u001b[39m\n                \u001b[0mProcessing\u001b[0m\n              \u001b[36m</div>\u001b[39m\n              \u001b[0m \u001b[0m\n              \u001b[36m<div\u001b[39m\n                \u001b[33mclass\u001b[39m=\u001b[32m\"task-meta svelte-m6teu0\"\u001b[39m\n              \u001b[36m>\u001b[39m\n                \u001b[0m0/1 path(s)\u001b[0m\n              \u001b[36m</div>\u001b[39m\n              \u001b[0m \u001b[0m\n              \u001b[36m<progress\u001b[39m\n                \u001b[33mclass\u001b[39m=\u001b[32m\"svelte-m6teu0\"\u001b[39m\n                \u001b[33mmax\u001b[39m=\u001b[32m\"100\"\u001b[39m\n                \u001b[33mvalue\u001b[39m=\u001b[32m\"0\"\u001b[39m\n              \u001b[36m/>\u001b[39m\n              \u001b[0m \u001b[0m\n              \u001b[36m<div\u001b[39m\n                \u001b[33mclass\u001b[39m=\u001b[32m\"task-message svelte-m6teu0\"\u001b[39m\n              \u001b[36m>\u001b[39m\n                \u001b[0mInitializing processing...\u001b[0m\n              \u001b[36m</div>\u001b[39m\n              \u001b[0m \u001b[0m\n              \u001b[0m \u001b[0m\n              \u001b[36m<details\u001b[39m\n                \u001b[33mclass\u001b[39m=\u001b[32m\"task-paths svelte-m6teu0\"\u001b[39m\n              \u001b[36m>\u001b[39m\n                \u001b[36m<summary>\u001b[39m\n                  \u001b[0mAdded paths (1)\u001b[0m\n                \u001b[36m</summary>\u001b[39m\n                \u001b[0m \u001b[0m\n                \u001b[36m<ul\u001b[39m\n                  \u001b[33mclass\u001b[39m=\u001b[32m\"svelte-m6teu0\"\u001b[39m\n                \u001b[36m>\u001b[39m\n                  \u001b[36m<li\u001b[39m\n                    \u001b[33mclass\u001b[39m=\u001b[32m\"svelte-m6teu0\"\u001b[39m\n                    \u001b[33mtitle\u001b[39m=\u001b[32m\"/input/sub01.nii.gz\"\u001b[39m\n                  \u001b[36m>\u001b[39m\n                    \u001b[0m/input/sub01.nii.gz\u001b[0m\n                  \u001b[36m</li>\u001b[39m\n                  \u001b[0m\u001b[0m\n                \u001b[36m</ul>\u001b[39m\n              \u001b[36m</details>\u001b[39m\n              \u001b[0m \u001b[0m\n              \u001b[36m<button\u001b[39m\n                \u001b[33mclass\u001b[39m=\u001b[32m\"task-action svelte-m6teu0 danger\"\u001b[39m\n                \u001b[33mtype\u001b[39m=\u001b[32m\"button\"\u001b[39m\n              \u001b[36m>\u001b[39m\n                \u001b[0mCancel & Remove\u001b[0m\n              \u001b[36m</button>\u001b[39m\n            \u001b[36m</li>\u001b[39m\n            \u001b[0m \u001b[0m\n            \u001b[0m \u001b[0m\n            \u001b[0m \u001b[0m\n            \u001b[0m \u001b[0m\n          \u001b[36m</ul>\u001b[39m\n        \u001b[36m</aside>\u001b[39m\n        \u001b[0m \u001b[0m\n        \u001b[36m<section\u001b[39m\n          \u001b[33maria-busy\u001b[39m=\u001b[32m\"true\"\u001b[39m\n          \u001b[33mclass\u001b[39m=\u001b[32m\"main-panel svelte-1wr5yz2\"\u001b[39m\n        \u001b[36m>\u001b[39m\n          \u001b[36m<h1>\u001b[39m\n            \u001b[0mFastSurfer Processing\u001b[0m\n          \u001b[36m</h1>\u001b[39m\n          \u001b[0m \u001b[0m\n          \u001b[36m<input\u001b[39m\n            \u001b[33maccept\u001b[39m=\u001b[32m\".nii,.nii.gz,.mgz,.mgh\"\u001b[39m\n            \u001b[33mdata-testid\u001b[39m=\u001b[32m\"file-picker-input\"\u001b[39m\n            \u001b[33mmultiple\u001b[39m=\u001b[32m\"\"\u001b[39m\n            \u001b[33mstyle\u001b[39m=\u001b[32m\"display: none\"\u001b[39m\n            \u001b[33mtype\u001b[39m=\u001b[32m\"file\"\u001b[39m\n          \u001b[36m/>\u001b[39m\n          \u001b[0m \u001b[0m\n          \u001b[36m<input\u001b[39m\n            \u001b[33mdata-testid\u001b[39m=\u001b[32m\"folder-picker-input\"\u001b[39m\n            \u001b[33mmultiple\u001b[39m=\u001b[32m\"\"\u001b[39m\n            \u001b[33mstyle\u001b[39m=\u001b[32m\"display: none\"\u001b[39m\n            \u001b[33mtype\u001b[39m=\u001b[32m\"file\"\u001b[39m\n            \u001b[33mwebkitdirectory\u001b[39m=\u001b[32m\"\"\u001b[39m\n          \u001b[36m/>\u001b[39m\n          \u001b[0m \u001b[0m\n          \u001b[36m<div\u001b[39m\n            \u001b[33mclass\u001b[39m=\u001b[32m\"controls svelte-1wvr9wi\"\u001b[39m\n          \u001b[36m>\u001b[39m\n            \u001b[36m<button>\u001b[39m\n              \u001b[0mPick Files\u001b[0m\n            \u001b[36m</button>\u001b[39m\n            \u001b[0m \u001b[0m\n            \u001b[36m<button>\u001b[39m\n              \u001b[0mPick Folders\u001b[0m\n            \u001b[36m</button>\u001b[39m\n          \u001b[36m</div>\u001b[39m\n          \u001b[0m \u001b[0m\n          \u001b[0m \u001b[0m\n          \u001b[0m \u001b[0m\n          \u001b[36m<div\u001b[39m\n            \u001b[33mclass\u001b[39m=\u001b[32m\"progress-wrap svelte-1wr5yz2\"\u001b[39m\n          \u001b[36m>\u001b[39m\n            \u001b[36m<progress\u001b[39m\n              \u001b[33mclass\u001b[39m=\u001b[32m\"svelte-1wr5yz2\"\u001b[39m\n              \u001b[33mmax\u001b[39m=\u001b[32m\"100\"\u001b[39m\n              \u001b[33mvalue\u001b[39m=\u001b[32m\"0\"\u001b[39m\n            \u001b[36m/>\u001b[39m\n            \u001b[0m \u001b[0m\n            \u001b[36m<span>\u001b[39m\n              \u001b[0m0% (0/1)\u001b[0m\n            \u001b[36m</span>\u001b[39m\n          \u001b[36m</div>\u001b[39m\n          \u001b[0m \u001b[0m\n          \u001b[0m \u001b[0m\n          \u001b[0m \u001b[0m\n        \u001b[36m</section>\u001b[39m\n        \u001b[0m \u001b[0m\n        \u001b[36m<div\u001b[39m\n          \u001b[33maria-label\u001b[39m=\u001b[32m\"Processing in progress\"\u001b[39m\n          \u001b[33maria-live\u001b[39m=\u001b[32m\"polite\"\u001b[39m\n          \u001b[33mclass\u001b[39m=\u001b[32m\"loading-overlay svelte-1wr5yz2\"\u001b[39m\n          \u001b[33mrole\u001b[39m=\u001b[32m\"status\"\u001b[39m\n        \u001b[36m>\u001b[39m\n          \u001b[36m<div\u001b[39m\n            \u001b[33mclass\u001b[39m=\u001b[32m\"loading-card svelte-1wr5yz2\"\u001b[39m\n          \u001b[36m>\u001b[39m\n            \u001b[0m \u001b[0m\n            \u001b[36m<h3>\u001b[39m\n              \u001b[0mClosing FastSurfer\u001b[0m\n            \u001b[36m</h3>\u001b[39m\n            \u001b[0m \u001b[0m\n            \u001b[36m<p>\u001b[39m\n              \u001b[0mStopping running processes and exiting...\u001b[0m\n            \u001b[36m</p>\u001b[39m\n          \u001b[36m</div>\u001b[39m\n        \u001b[36m</div>\u001b[39m\n      \u001b[36m</main>\u001b[39m\n      \u001b[0m\u001b[0m\n    \u001b[36m</div>\u001b[39m\n  \u001b[36m</body>\u001b[39m\n\u001b[36m</html>\u001b[39m\n    at /home/huyenpk/Projects/FastSurfer/app/gui/simple-viewer/testing/vitest/App.test.ts:110:60\n    at runWithExpensiveErrorDiagnosticsDisabled (/home/huyenpk/Projects/FastSurfer/app/gui/simple-viewer/node_modules/@testing-library/dom/dist/config.js:47:12)\n    at checkCallback (/home/huyenpk/Projects/FastSurfer/app/gui/simple-viewer/node_modules/@testing-library/dom/dist/wait-for.js:124:77)\n    at Timeout.checkRealTimersCallback (/home/huyenpk/Projects/FastSurfer/app/gui/simple-viewer/node_modules/@testing-library/dom/dist/wait-for.js:118:16)\n    at listOnTimeout (node:internal/timers:605:17)\n    at processTimers (node:internal/timers:541:7)"],"meta":{}}],"startTime":1773236503093,"endTime":1773236505414.0164,"status":"failed","message":"","name":"/home/huyenpk/Projects/FastSurfer/app/gui/simple-viewer/testing/vitest/App.test.ts"},{"assertionResults":[{"ancestorTitles":["processed_result_viewer_behavior"],"fullName":"processed_result_viewer_behavior mount_should_render_output_metadata","status":"passed","title":"mount_should_render_output_metadata","duration":43.86287399999992,"failureMessages":[],"meta":{}},{"ancestorTitles":["processed_result_viewer_behavior"],"fullName":"processed_result_viewer_behavior mount_should_attach_canvas_and_load_volume","status":"passed","title":"mount_should_attach_canvas_and_load_volume","duration":3.627042999999958,"failureMessages":[],"meta":{}},{"ancestorTitles":["processed_result_viewer_behavior"],"fullName":"processed_result_viewer_behavior close_button_click_should_emit_close_event","status":"passed","title":"close_button_click_should_emit_close_event","duration":183.40090699999973,"failureMessages":[],"meta":{}}],"startTime":1773236502923,"endTime":1773236503153.401,"status":"passed","message":"","name":"/home/huyenpk/Projects/FastSurfer/app/gui/simple-viewer/testing/vitest/ProcessedResultViewer.test.ts"}]}