{"numTotalTestSuites":4,"numPassedTestSuites":4,"numFailedTestSuites":0,"numPendingTestSuites":0,"numTotalTests":5,"numPassedTests":5,"numFailedTests":0,"numPendingTests":0,"numTodoTests":0,"snapshot":{"added":0,"failure":false,"filesAdded":0,"filesRemoved":0,"filesRemovedList":[],"filesUnmatched":0,"filesUpdated":0,"matched":0,"total":0,"unchecked":0,"uncheckedKeysByFile":[],"unmatched":0,"updated":0,"didUpdate":false},"startTime":1771838325443,"success":true,"testResults":[{"assertionResults":[{"ancestorTitles":["app_behavior"],"fullName":"app_behavior pick_files_and_folders_should_render_selected_paths","status":"passed","title":"pick_files_and_folders_should_render_selected_paths","duration":247.06814599999962,"failureMessages":[],"meta":{}},{"ancestorTitles":["app_behavior"],"fullName":"app_behavior start_processing_should_render_acknowledgement_and_processed_result","status":"passed","title":"start_processing_should_render_acknowledgement_and_processed_result","duration":82.71509399999923,"failureMessages":[],"meta":{}}],"startTime":1771838330570,"endTime":1771838330899.715,"status":"passed","message":"","name":"/home/huyenpk/Projects/FastSurfer/app/gui/simple-viewer/testing/vitest/App.test.ts"},{"assertionResults":[{"ancestorTitles":["processed_result_viewer_behavior"],"fullName":"processed_result_viewer_behavior mount_should_render_output_metadata","status":"passed","title":"mount_should_render_output_metadata","duration":38.78022999999939,"failureMessages":[],"meta":{}},{"ancestorTitles":["processed_result_viewer_behavior"],"fullName":"processed_result_viewer_behavior mount_should_attach_canvas_and_load_volume","status":"passed","title":"mount_should_attach_canvas_and_load_volume","duration":3.1647540000003573,"failureMessages":[],"meta":{}},{"ancestorTitles":["processed_result_viewer_behavior"],"fullName":"processed_result_viewer_behavior close_button_click_should_emit_close_event","status":"passed","title":"close_button_click_should_emit_close_event","duration":205.28748200000064,"failureMessages":[],"meta":{}}],"startTime":1771838330448,"endTime":1771838330695.2876,"status":"passed","message":"","name":"/home/huyenpk/Projects/FastSurfer/app/gui/simple-viewer/testing/vitest/ProcessedResultViewer.test.ts"}]}